Loading clone.tools
[1] "plotting score chain"
[1] "plotting most frequent trees"
[1] "plotting posterior adjacency matrix"
[1] "post.admat:"
          cluster1 cluster2 cluster3 cluster4 cluster5 cluster6 cluster7
root          0.00     0.09        0     0.00     0.17     0.00        0
cluster1      0.00     0.13        0     0.00     0.00     0.00        0
cluster2      0.00     0.00        0     0.00     0.00     0.00        0
cluster3      0.00     0.10        0     0.00     0.21     0.00        1
cluster4      0.00     0.00        0     0.00     0.00     0.00        0
cluster5      0.00     0.00        0     0.00     0.00     0.00        0
cluster6      0.74     0.11        0     0.00     0.00     0.00        0
cluster7      0.07     0.11        0     0.00     0.00     0.06        0
cluster8      0.00     0.13        0     0.00     0.23     0.00        0
cluster9      0.00     0.00        0     0.33     0.00     0.00        0
cluster10     0.00     0.00        0     0.00     0.00     0.00        0
cluster11     0.19     0.11        0     0.00     0.00     0.94        0
cluster12     0.00     0.00        0     0.00     0.00     0.00        0
cluster13     0.00     0.00        0     0.00     0.00     0.00        0
cluster14     0.00     0.08        1     0.00     0.18     0.00        0
cluster15     0.00     0.00        0     0.36     0.00     0.00        0
cluster16     0.00     0.00        0     0.00     0.00     0.00        0
cluster17     0.00     0.00        0     0.00     0.00     0.00        0
cluster18     0.00     0.00        0     0.00     0.21     0.00        0
cluster19     0.00     0.13        0     0.00     0.00     0.00        0
cluster20     0.00     0.00        0     0.32     0.00     0.00        0
          cluster8 cluster9 cluster10 cluster11 cluster12 cluster13 cluster14
root          0.48     0.00      0.07         0         0         0         1
cluster1      0.00     0.00      0.00         0         0         0         0
cluster2      0.00     0.00      0.00         0         0         0         0
cluster3      0.00     0.00      0.07         0         0         0         0
cluster4      0.00     0.00      0.12         0         0         0         0
cluster5      0.00     0.00      0.00         0         0         0         0
cluster6      0.00     0.00      0.00         0         0         0         0
cluster7      0.00     0.06      0.08         1         1         0         0
cluster8      0.00     0.79      0.12         0         0         0         0
cluster9      0.00     0.00      0.10         0         0         0         0
cluster10     0.00     0.00      0.00         0         0         0         0
cluster11     0.00     0.00      0.00         0         0         0         0
cluster12     0.00     0.08      0.11         0         0         1         0
cluster13     0.00     0.07      0.05         0         0         0         0
cluster14     0.52     0.00      0.07         0         0         0         0
cluster15     0.00     0.00      0.12         0         0         0         0
cluster16     0.00     0.00      0.00         0         0         0         0
cluster17     0.00     0.00      0.00         0         0         0         0
cluster18     0.00     0.00      0.00         0         0         0         0
cluster19     0.00     0.00      0.00         0         0         0         0
cluster20     0.00     0.00      0.10         0         0         0         0
          cluster15 cluster16 cluster17 cluster18 cluster19 cluster20
root              0      0.09      0.09      0.00      0.00      0.00
cluster1          0      0.11      0.00      0.00      0.38      0.00
cluster2          0      0.00      0.00      0.00      0.00      0.00
cluster3          0      0.07      0.08      0.00      0.00      0.00
cluster4          0      0.00      0.10      0.00      0.00      0.00
cluster5          0      0.00      0.00      0.00      0.00      0.00
cluster6          0      0.07      0.00      0.00      0.35      0.00
cluster7          0      0.06      0.09      0.00      0.00      0.00
cluster8          0      0.10      0.11      0.62      0.00      0.00
cluster9          0      0.09      0.10      0.00      0.00      0.00
cluster10         0      0.00      0.00      0.00      0.00      0.00
cluster11         0      0.08      0.00      0.00      0.14      0.00
cluster12         0      0.04      0.05      0.00      0.00      0.03
cluster13         0      0.11      0.09      0.00      0.00      0.97
cluster14         0      0.10      0.08      0.38      0.14      0.00
cluster15         0      0.00      0.10      0.00      0.00      0.00
cluster16         0      0.00      0.00      0.00      0.00      0.00
cluster17         0      0.00      0.00      0.00      0.00      0.00
cluster18         0      0.00      0.00      0.00      0.00      0.00
cluster19         0      0.08      0.00      0.00      0.00      0.00
cluster20         1      0.00      0.10      0.00      0.00      0.00

real	0m4.506s
user	0m4.172s
sys	0m0.308s
