Loading clone.tools
[1] "plotting score chain"
[1] "plotting most frequent trees"
[1] "plotting posterior adjacency matrix"
[1] "post.admat:"
          cluster1 cluster2 cluster3 cluster4 cluster5 cluster6 cluster7
root          0.07     0.11     0.32     0.04     0.22     0.05     0.08
cluster1      0.00     0.10     0.00     0.00     0.00     0.10     0.00
cluster2      0.00     0.00     0.00     0.00     0.00     0.00     0.00
cluster3      0.11     0.10     0.00     0.04     0.15     0.09     0.51
cluster4      0.00     0.00     0.00     0.00     0.00     0.00     0.00
cluster5      0.00     0.00     0.00     0.00     0.00     0.00     0.00
cluster6      0.20     0.11     0.00     0.00     0.00     0.00     0.00
cluster7      0.17     0.13     0.00     0.07     0.00     0.29     0.00
cluster8      0.08     0.08     0.34     0.06     0.23     0.04     0.18
cluster9      0.00     0.00     0.00     0.15     0.00     0.00     0.00
cluster10     0.00     0.00     0.00     0.00     0.00     0.00     0.00
cluster11     0.19     0.13     0.00     0.00     0.00     0.32     0.00
cluster12     0.00     0.00     0.00     0.07     0.00     0.00     0.00
cluster13     0.00     0.00     0.00     0.12     0.00     0.00     0.00
cluster14     0.10     0.10     0.34     0.04     0.20     0.09     0.23
cluster15     0.00     0.00     0.00     0.21     0.00     0.00     0.00
cluster16     0.00     0.00     0.00     0.00     0.00     0.00     0.00
cluster17     0.00     0.00     0.00     0.00     0.00     0.00     0.00
cluster18     0.00     0.00     0.00     0.00     0.19     0.00     0.00
cluster19     0.09     0.12     0.00     0.00     0.00     0.03     0.00
cluster20     0.00     0.00     0.00     0.18     0.00     0.00     0.00
          cluster8 cluster9 cluster10 cluster11 cluster12 cluster13 cluster14
root          0.35     0.09      0.09      0.06      0.02      0.03      0.59
cluster1      0.00     0.00      0.00      0.11      0.00      0.00      0.00
cluster2      0.00     0.00      0.00      0.00      0.00      0.00      0.00
cluster3      0.16     0.13      0.07      0.11      0.13      0.11      0.20
cluster4      0.00     0.00      0.09      0.00      0.00      0.00      0.00
cluster5      0.00     0.00      0.00      0.00      0.00      0.00      0.00
cluster6      0.00     0.00      0.00      0.21      0.00      0.00      0.00
cluster7      0.00     0.14      0.08      0.32      0.35      0.31      0.00
cluster8      0.00     0.14      0.08      0.05      0.12      0.13      0.21
cluster9      0.00     0.00      0.10      0.00      0.00      0.00      0.00
cluster10     0.00     0.00      0.00      0.00      0.00      0.00      0.00
cluster11     0.00     0.00      0.00      0.00      0.00      0.00      0.00
cluster12     0.00     0.15      0.10      0.00      0.00      0.36      0.00
cluster13     0.00     0.25      0.07      0.00      0.31      0.00      0.00
cluster14     0.49     0.09      0.09      0.11      0.06      0.06      0.00
cluster15     0.00     0.00      0.13      0.00      0.00      0.00      0.00
cluster16     0.00     0.00      0.00      0.00      0.00      0.00      0.00
cluster17     0.00     0.00      0.00      0.00      0.00      0.00      0.00
cluster18     0.00     0.00      0.00      0.00      0.00      0.00      0.00
cluster19     0.00     0.00      0.00      0.03      0.00      0.00      0.00
cluster20     0.00     0.00      0.12      0.00      0.00      0.00      0.00
          cluster15 cluster16 cluster17 cluster18 cluster19 cluster20
root           0.02      0.09      0.09      0.18      0.10      0.01
cluster1       0.00      0.09      0.00      0.00      0.15      0.00
cluster2       0.00      0.00      0.00      0.00      0.00      0.00
cluster3       0.04      0.08      0.07      0.17      0.10      0.06
cluster4       0.06      0.00      0.13      0.00      0.00      0.00
cluster5       0.00      0.00      0.00      0.08      0.00      0.00
cluster6       0.00      0.10      0.00      0.00      0.18      0.00
cluster7       0.07      0.07      0.09      0.00      0.15      0.21
cluster8       0.05      0.07      0.09      0.33      0.06      0.09
cluster9       0.13      0.08      0.09      0.00      0.00      0.00
cluster10      0.00      0.00      0.00      0.00      0.00      0.00
cluster11      0.00      0.09      0.00      0.00      0.15      0.00
cluster12      0.10      0.06      0.06      0.00      0.00      0.41
cluster13      0.11      0.10      0.09      0.00      0.00      0.19
cluster14      0.03      0.08      0.08      0.24      0.11      0.04
cluster15      0.00      0.00      0.10      0.00      0.00      0.00
cluster16      0.00      0.00      0.00      0.00      0.00      0.00
cluster17      0.00      0.00      0.00      0.00      0.00      0.00
cluster18      0.00      0.00      0.00      0.00      0.00      0.00
cluster19      0.00      0.09      0.00      0.00      0.00      0.00
cluster20      0.40      0.00      0.10      0.00      0.00      0.00

real	0m4.743s
user	0m4.170s
sys	0m0.341s
