Loading clone.tools
[1] "plotting score chain"
[1] "plotting most frequent trees"
[1] "plotting posterior adjacency matrix"
[1] "post.admat:"
          cluster1 cluster2 cluster3 cluster4 cluster5 cluster6 cluster7
root          0.10     0.11     0.24     0.04     0.22     0.08     0.06
cluster1      0.00     0.12     0.00     0.00     0.00     0.13     0.00
cluster2      0.00     0.00     0.00     0.00     0.00     0.00     0.00
cluster3      0.09     0.10     0.00     0.06     0.18     0.09     0.63
cluster4      0.00     0.00     0.00     0.00     0.00     0.00     0.00
cluster5      0.00     0.00     0.00     0.00     0.00     0.00     0.00
cluster6      0.18     0.11     0.00     0.00     0.00     0.00     0.00
cluster7      0.16     0.12     0.00     0.07     0.00     0.23     0.00
cluster8      0.08     0.09     0.37     0.06     0.22     0.04     0.13
cluster9      0.00     0.00     0.00     0.16     0.00     0.00     0.00
cluster10     0.00     0.00     0.00     0.00     0.00     0.00     0.00
cluster11     0.21     0.11     0.00     0.00     0.00     0.29     0.00
cluster12     0.00     0.00     0.00     0.07     0.00     0.00     0.00
cluster13     0.00     0.00     0.00     0.11     0.00     0.00     0.00
cluster14     0.09     0.10     0.39     0.04     0.19     0.11     0.18
cluster15     0.00     0.00     0.00     0.17     0.00     0.00     0.00
cluster16     0.00     0.00     0.00     0.00     0.00     0.00     0.00
cluster17     0.00     0.00     0.00     0.00     0.00     0.00     0.00
cluster18     0.00     0.00     0.00     0.00     0.20     0.00     0.00
cluster19     0.08     0.13     0.00     0.00     0.00     0.04     0.00
cluster20     0.00     0.00     0.00     0.20     0.00     0.00     0.00
          cluster8 cluster9 cluster10 cluster11 cluster12 cluster13 cluster14
root          0.32     0.09      0.07      0.05      0.03      0.04      0.69
cluster1      0.00     0.00      0.00      0.06      0.00      0.00      0.00
cluster2      0.00     0.00      0.00      0.00      0.00      0.00      0.00
cluster3      0.18     0.11      0.08      0.10      0.12      0.12      0.12
cluster4      0.00     0.00      0.09      0.00      0.00      0.00      0.00
cluster5      0.00     0.00      0.00      0.00      0.00      0.00      0.00
cluster6      0.00     0.00      0.00      0.24      0.00      0.00      0.00
cluster7      0.00     0.12      0.09      0.39      0.29      0.39      0.00
cluster8      0.00     0.13      0.09      0.04      0.12      0.16      0.20
cluster9      0.00     0.00      0.11      0.00      0.00      0.00      0.00
cluster10     0.00     0.00      0.00      0.00      0.00      0.00      0.00
cluster11     0.00     0.00      0.00      0.00      0.00      0.00      0.00
cluster12     0.00     0.20      0.09      0.00      0.00      0.23      0.00
cluster13     0.00     0.24      0.08      0.00      0.36      0.00      0.00
cluster14     0.50     0.10      0.07      0.08      0.07      0.05      0.00
cluster15     0.00     0.00      0.12      0.00      0.00      0.00      0.00
cluster16     0.00     0.00      0.00      0.00      0.00      0.00      0.00
cluster17     0.00     0.00      0.00      0.00      0.00      0.00      0.00
cluster18     0.00     0.00      0.00      0.00      0.00      0.00      0.00
cluster19     0.00     0.00      0.00      0.04      0.00      0.00      0.00
cluster20     0.00     0.00      0.10      0.00      0.00      0.00      0.00
          cluster15 cluster16 cluster17 cluster18 cluster19 cluster20
root           0.03      0.09      0.08      0.20      0.08      0.02
cluster1       0.00      0.09      0.00      0.00      0.15      0.00
cluster2       0.00      0.00      0.00      0.00      0.00      0.00
cluster3       0.04      0.07      0.06      0.16      0.10      0.06
cluster4       0.06      0.00      0.13      0.00      0.00      0.00
cluster5       0.00      0.00      0.00      0.08      0.00      0.00
cluster6       0.00      0.08      0.00      0.00      0.18      0.00
cluster7       0.05      0.07      0.09      0.00      0.14      0.20
cluster8       0.06      0.07      0.08      0.32      0.07      0.08
cluster9       0.13      0.10      0.10      0.00      0.00      0.00
cluster10      0.00      0.00      0.00      0.00      0.00      0.00
cluster11      0.00      0.10      0.00      0.00      0.16      0.00
cluster12      0.13      0.08      0.08      0.00      0.00      0.45
cluster13      0.11      0.10      0.09      0.00      0.00      0.17
cluster14      0.02      0.07      0.08      0.24      0.12      0.02
cluster15      0.00      0.00      0.11      0.00      0.00      0.00
cluster16      0.00      0.00      0.00      0.00      0.00      0.00
cluster17      0.00      0.00      0.00      0.00      0.00      0.00
cluster18      0.00      0.00      0.00      0.00      0.00      0.00
cluster19      0.00      0.08      0.00      0.00      0.00      0.00
cluster20      0.36      0.00      0.10      0.00      0.00      0.00

real	0m4.528s
user	0m4.214s
sys	0m0.294s
