Loading clone.tools
[1] "plotting score chain"
[1] "plotting most frequent trees"
[1] "plotting posterior adjacency matrix"
[1] "post.admat:"
          cluster1 cluster2 cluster3 cluster4 cluster5 cluster6 cluster7
root          0.08     0.12     0.22     0.04     0.21     0.09     0.05
cluster1      0.00     0.10     0.00     0.00     0.00     0.13     0.00
cluster2      0.00     0.00     0.00     0.00     0.00     0.00     0.00
cluster3      0.11     0.11     0.00     0.06     0.19     0.11     0.64
cluster4      0.00     0.00     0.00     0.00     0.00     0.00     0.00
cluster5      0.00     0.00     0.00     0.00     0.00     0.00     0.00
cluster6      0.16     0.10     0.00     0.00     0.00     0.00     0.00
cluster7      0.16     0.12     0.00     0.07     0.00     0.22     0.00
cluster8      0.08     0.10     0.32     0.05     0.21     0.06     0.11
cluster9      0.00     0.00     0.00     0.17     0.00     0.00     0.00
cluster10     0.00     0.00     0.00     0.00     0.00     0.00     0.00
cluster11     0.22     0.11     0.00     0.00     0.00     0.28     0.00
cluster12     0.00     0.00     0.00     0.06     0.00     0.00     0.00
cluster13     0.00     0.00     0.00     0.12     0.00     0.00     0.00
cluster14     0.11     0.10     0.46     0.05     0.17     0.07     0.19
cluster15     0.00     0.00     0.00     0.18     0.00     0.00     0.00
cluster16     0.00     0.00     0.00     0.00     0.00     0.00     0.00
cluster17     0.00     0.00     0.00     0.00     0.00     0.00     0.00
cluster18     0.00     0.00     0.00     0.00     0.23     0.00     0.00
cluster19     0.08     0.14     0.00     0.00     0.00     0.05     0.00
cluster20     0.00     0.00     0.00     0.20     0.00     0.00     0.00
          cluster8 cluster9 cluster10 cluster11 cluster12 cluster13 cluster14
root          0.41     0.13      0.08      0.08      0.03      0.04      0.62
cluster1      0.00     0.00      0.00      0.10      0.00      0.00      0.00
cluster2      0.00     0.00      0.00      0.00      0.00      0.00      0.00
cluster3      0.15     0.12      0.07      0.07      0.11      0.09      0.15
cluster4      0.00     0.00      0.09      0.00      0.00      0.00      0.00
cluster5      0.00     0.00      0.00      0.00      0.00      0.00      0.00
cluster6      0.00     0.00      0.00      0.23      0.00      0.00      0.00
cluster7      0.00     0.09      0.05      0.34      0.36      0.33      0.00
cluster8      0.00     0.13      0.09      0.04      0.15      0.16      0.23
cluster9      0.00     0.00      0.11      0.00      0.00      0.00      0.00
cluster10     0.00     0.00      0.00      0.00      0.00      0.00      0.00
cluster11     0.00     0.00      0.00      0.00      0.00      0.00      0.00
cluster12     0.00     0.20      0.08      0.00      0.00      0.31      0.00
cluster13     0.00     0.24      0.10      0.00      0.31      0.00      0.00
cluster14     0.44     0.09      0.10      0.09      0.03      0.07      0.00
cluster15     0.00     0.00      0.12      0.00      0.00      0.00      0.00
cluster16     0.00     0.00      0.00      0.00      0.00      0.00      0.00
cluster17     0.00     0.00      0.00      0.00      0.00      0.00      0.00
cluster18     0.00     0.00      0.00      0.00      0.00      0.00      0.00
cluster19     0.00     0.00      0.00      0.05      0.00      0.00      0.00
cluster20     0.00     0.00      0.11      0.00      0.00      0.00      0.00
          cluster15 cluster16 cluster17 cluster18 cluster19 cluster20
root           0.03      0.07      0.08      0.20      0.10      0.01
cluster1       0.00      0.08      0.00      0.00      0.15      0.00
cluster2       0.00      0.00      0.00      0.00      0.00      0.00
cluster3       0.05      0.08      0.07      0.18      0.08      0.04
cluster4       0.07      0.00      0.13      0.00      0.00      0.00
cluster5       0.00      0.00      0.00      0.08      0.00      0.00
cluster6       0.00      0.08      0.00      0.00      0.18      0.00
cluster7       0.05      0.08      0.09      0.00      0.11      0.22
cluster8       0.07      0.07      0.08      0.30      0.10      0.09
cluster9       0.15      0.08      0.10      0.00      0.00      0.00
cluster10      0.00      0.00      0.00      0.00      0.00      0.00
cluster11      0.00      0.09      0.00      0.00      0.15      0.00
cluster12      0.09      0.09      0.07      0.00      0.00      0.41
cluster13      0.12      0.10      0.10      0.00      0.00      0.20
cluster14      0.03      0.09      0.06      0.25      0.13      0.02
cluster15      0.00      0.00      0.10      0.00      0.00      0.00
cluster16      0.00      0.00      0.00      0.00      0.00      0.00
cluster17      0.00      0.00      0.00      0.00      0.00      0.00
cluster18      0.00      0.00      0.00      0.00      0.00      0.00
cluster19      0.00      0.09      0.00      0.00      0.00      0.00
cluster20      0.34      0.00      0.11      0.00      0.00      0.00

real	0m4.900s
user	0m4.470s
sys	0m0.358s
