Loading clone.tools
[1] "plotting score chain"
[1] "plotting most frequent trees"
[1] "plotting posterior adjacency matrix"
[1] "post.admat:"
          cluster1 cluster2 cluster3 cluster4 cluster5 cluster6 cluster7
root          0.10     0.11     0.27     0.04     0.19     0.07     0.04
cluster1      0.00     0.11     0.00     0.00     0.00     0.09     0.00
cluster2      0.00     0.00     0.00     0.00     0.00     0.00     0.00
cluster3      0.07     0.12     0.00     0.07     0.16     0.10     0.57
cluster4      0.00     0.00     0.00     0.00     0.00     0.00     0.00
cluster5      0.00     0.00     0.00     0.00     0.00     0.00     0.00
cluster6      0.23     0.13     0.00     0.00     0.00     0.00     0.00
cluster7      0.15     0.10     0.00     0.08     0.00     0.19     0.00
cluster8      0.05     0.09     0.29     0.05     0.23     0.05     0.14
cluster9      0.00     0.00     0.00     0.16     0.00     0.00     0.00
cluster10     0.00     0.00     0.00     0.00     0.00     0.00     0.00
cluster11     0.19     0.12     0.00     0.00     0.00     0.36     0.00
cluster12     0.00     0.00     0.00     0.05     0.00     0.00     0.00
cluster13     0.00     0.00     0.00     0.08     0.00     0.00     0.00
cluster14     0.11     0.10     0.44     0.04     0.20     0.09     0.25
cluster15     0.00     0.00     0.00     0.21     0.00     0.00     0.00
cluster16     0.00     0.00     0.00     0.00     0.00     0.00     0.00
cluster17     0.00     0.00     0.00     0.00     0.00     0.00     0.00
cluster18     0.00     0.00     0.00     0.00     0.21     0.00     0.00
cluster19     0.09     0.12     0.00     0.00     0.00     0.05     0.00
cluster20     0.00     0.00     0.00     0.22     0.00     0.00     0.00
          cluster8 cluster9 cluster10 cluster11 cluster12 cluster13 cluster14
root          0.42     0.09      0.08      0.06      0.04      0.03      0.56
cluster1      0.00     0.00      0.00      0.08      0.00      0.00      0.00
cluster2      0.00     0.00      0.00      0.00      0.00      0.00      0.00
cluster3      0.19     0.12      0.09      0.09      0.06      0.13      0.15
cluster4      0.00     0.00      0.10      0.00      0.00      0.00      0.00
cluster5      0.00     0.00      0.00      0.00      0.00      0.00      0.00
cluster6      0.00     0.00      0.00      0.16      0.00      0.00      0.00
cluster7      0.00     0.12      0.08      0.45      0.37      0.29      0.00
cluster8      0.00     0.14      0.10      0.03      0.18      0.14      0.28
cluster9      0.00     0.00      0.11      0.00      0.00      0.00      0.00
cluster10     0.00     0.00      0.00      0.00      0.00      0.00      0.00
cluster11     0.00     0.00      0.00      0.00      0.00      0.00      0.00
cluster12     0.00     0.15      0.07      0.00      0.00      0.35      0.00
cluster13     0.00     0.28      0.06      0.00      0.29      0.00      0.00
cluster14     0.40     0.11      0.07      0.09      0.06      0.05      0.00
cluster15     0.00     0.00      0.10      0.00      0.00      0.00      0.00
cluster16     0.00     0.00      0.00      0.00      0.00      0.00      0.00
cluster17     0.00     0.00      0.00      0.00      0.00      0.00      0.00
cluster18     0.00     0.00      0.00      0.00      0.00      0.00      0.00
cluster19     0.00     0.00      0.00      0.03      0.00      0.00      0.00
cluster20     0.00     0.00      0.14      0.00      0.00      0.00      0.00
          cluster15 cluster16 cluster17 cluster18 cluster19 cluster20
root           0.03      0.09      0.07      0.21      0.09      0.01
cluster1       0.00      0.09      0.00      0.00      0.16      0.00
cluster2       0.00      0.00      0.00      0.00      0.00      0.00
cluster3       0.05      0.08      0.07      0.13      0.12      0.07
cluster4       0.06      0.00      0.13      0.00      0.00      0.00
cluster5       0.00      0.00      0.00      0.09      0.00      0.00
cluster6       0.00      0.08      0.00      0.00      0.17      0.00
cluster7       0.06      0.07      0.09      0.00      0.12      0.23
cluster8       0.06      0.07      0.07      0.31      0.10      0.04
cluster9       0.12      0.08      0.10      0.00      0.00      0.00
cluster10      0.00      0.00      0.00      0.00      0.00      0.00
cluster11      0.00      0.08      0.00      0.00      0.15      0.00
cluster12      0.09      0.08      0.07      0.00      0.00      0.45
cluster13      0.12      0.10      0.11      0.00      0.00      0.19
cluster14      0.03      0.09      0.07      0.25      0.10      0.01
cluster15      0.00      0.00      0.11      0.00      0.00      0.00
cluster16      0.00      0.00      0.00      0.00      0.00      0.00
cluster17      0.00      0.00      0.00      0.00      0.00      0.00
cluster18      0.00      0.00      0.00      0.00      0.00      0.00
cluster19      0.00      0.10      0.00      0.00      0.00      0.00
cluster20      0.38      0.00      0.09      0.00      0.00      0.00

real	0m4.737s
user	0m4.444s
sys	0m0.267s
