Loading clone.tools
[1] "plotting score chain"
[1] "plotting most frequent trees"
[1] "plotting posterior adjacency matrix"
[1] "post.admat:"
           cluster1  cluster2    cluster3   cluster4   cluster5    cluster6
root      0.6943057 0.3116883 0.027972028 0.10489510 0.10089910 0.020979021
cluster1  0.0000000 0.6883117 0.314685315 0.10689311 0.13486513 0.320679321
cluster2  0.3056943 0.0000000 0.656343656 0.06593407 0.08691309 0.655344655
cluster3  0.0000000 0.0000000 0.000000000 0.55144855 0.49350649 0.000000000
cluster4  0.0000000 0.0000000 0.000000000 0.00000000 0.18381618 0.000000000
cluster5  0.0000000 0.0000000 0.000999001 0.17082917 0.00000000 0.000000000
cluster6  0.0000000 0.0000000 0.000000000 0.00000000 0.00000000 0.000000000
cluster7  0.0000000 0.0000000 0.000000000 0.00000000 0.00000000 0.002997003
cluster8  0.0000000 0.0000000 0.000000000 0.00000000 0.00000000 0.000000000
cluster9  0.0000000 0.0000000 0.000000000 0.00000000 0.00000000 0.000000000
cluster10 0.0000000 0.0000000 0.000000000 0.00000000 0.00000000 0.000000000
            cluster7  cluster8  cluster9 cluster10
root      0.02197802 0.1228771 0.1438561 0.1808192
cluster1  0.05194805 0.0989011 0.1768232 0.1858142
cluster2  0.05594406 0.1358641 0.1398601 0.2127872
cluster3  0.00000000 0.1378621 0.1688312 0.0000000
cluster4  0.00000000 0.1308691 0.1978022 0.0000000
cluster5  0.00000000 0.1298701 0.1728272 0.0000000
cluster6  0.87012987 0.1198801 0.0000000 0.2447552
cluster7  0.00000000 0.1238761 0.0000000 0.1758242
cluster8  0.00000000 0.0000000 0.0000000 0.0000000
cluster9  0.00000000 0.0000000 0.0000000 0.0000000
cluster10 0.00000000 0.0000000 0.0000000 0.0000000

real	0m4.038s
user	0m3.769s
sys	0m0.251s
