Loading clone.tools
[1] "plotting score chain"
[1] "plotting most frequent trees"
[1] "plotting posterior adjacency matrix"
[1] "post.admat:"
          cluster1 cluster2 cluster3 cluster4 cluster5 cluster6 cluster7
root             1        0        0        0        0        0        0
cluster1         0        1        0        0        0        0        0
cluster2         0        0        1        0        0        1        0
cluster3         0        0        0        1        1        0        0
cluster4         0        0        0        0        0        0        0
cluster5         0        0        0        0        0        0        0
cluster6         0        0        0        0        0        0        1
cluster7         0        0        0        0        0        0        0
cluster8         0        0        0        0        0        0        0
cluster9         0        0        0        0        0        0        0
cluster10        0        0        0        0        0        0        0
          cluster8 cluster9 cluster10
root          0.11     0.12      0.10
cluster1      0.07     0.20      0.24
cluster2      0.11     0.10      0.16
cluster3      0.09     0.18      0.00
cluster4      0.17     0.20      0.00
cluster5      0.15     0.20      0.00
cluster6      0.16     0.00      0.27
cluster7      0.13     0.00      0.22
cluster8      0.00     0.00      0.00
cluster9      0.00     0.00      0.00
cluster10     0.00     0.00      0.00

real	0m4.224s
user	0m3.846s
sys	0m0.261s
