Loading clone.tools
[1] "plotting score chain"
[1] "plotting most frequent trees"
[1] "plotting posterior adjacency matrix"
[1] "post.admat:"
           cluster1  cluster2    cluster3   cluster4   cluster5   cluster6
root      0.5934066 0.4135864 0.031968032 0.09190809 0.09290709 0.02397602
cluster1  0.0000000 0.5864136 0.414585415 0.10989011 0.12087912 0.40259740
cluster2  0.4065934 0.0000000 0.551448551 0.09090909 0.10389610 0.56143856
cluster3  0.0000000 0.0000000 0.000000000 0.53546454 0.47652348 0.00000000
cluster4  0.0000000 0.0000000 0.000999001 0.00000000 0.20579421 0.00000000
cluster5  0.0000000 0.0000000 0.000999001 0.17182817 0.00000000 0.00000000
cluster6  0.0000000 0.0000000 0.000000000 0.00000000 0.00000000 0.00000000
cluster7  0.0000000 0.0000000 0.000000000 0.00000000 0.00000000 0.01198801
cluster8  0.0000000 0.0000000 0.000000000 0.00000000 0.00000000 0.00000000
cluster9  0.0000000 0.0000000 0.000000000 0.00000000 0.00000000 0.00000000
cluster10 0.0000000 0.0000000 0.000000000 0.00000000 0.00000000 0.00000000
            cluster7  cluster8  cluster9 cluster10
root      0.02797203 0.1128871 0.1418581 0.2177822
cluster1  0.04195804 0.1228771 0.1548452 0.2117882
cluster2  0.05494505 0.1198801 0.1618382 0.1818182
cluster3  0.00000000 0.1288711 0.2007992 0.0000000
cluster4  0.00000000 0.1098901 0.1918082 0.0000000
cluster5  0.00000000 0.1328671 0.1488511 0.0000000
cluster6  0.87512488 0.1168831 0.0000000 0.1868132
cluster7  0.00000000 0.1558442 0.0000000 0.2017982
cluster8  0.00000000 0.0000000 0.0000000 0.0000000
cluster9  0.00000000 0.0000000 0.0000000 0.0000000
cluster10 0.00000000 0.0000000 0.0000000 0.0000000

real	0m3.839s
user	0m3.578s
sys	0m0.240s
