Loading clone.tools
[1] "plotting score chain"
[1] "plotting most frequent trees"
[1] "plotting posterior adjacency matrix"
[1] "post.admat:"
           cluster1  cluster2    cluster3   cluster4   cluster5    cluster6
root      0.7902098 0.2197802 0.027972028 0.06893107 0.08791209 0.025974026
cluster1  0.0000000 0.7802198 0.214785215 0.10989011 0.13186813 0.209790210
cluster2  0.2097902 0.0000000 0.756243756 0.06993007 0.09590410 0.761238761
cluster3  0.0000000 0.0000000 0.000000000 0.54445554 0.48951049 0.000000000
cluster4  0.0000000 0.0000000 0.000999001 0.00000000 0.19480519 0.000000000
cluster5  0.0000000 0.0000000 0.000000000 0.20679321 0.00000000 0.000000000
cluster6  0.0000000 0.0000000 0.000000000 0.00000000 0.00000000 0.000000000
cluster7  0.0000000 0.0000000 0.000000000 0.00000000 0.00000000 0.002997003
cluster8  0.0000000 0.0000000 0.000000000 0.00000000 0.00000000 0.000000000
cluster9  0.0000000 0.0000000 0.000000000 0.00000000 0.00000000 0.000000000
cluster10 0.0000000 0.0000000 0.000000000 0.00000000 0.00000000 0.000000000
            cluster7  cluster8  cluster9 cluster10
root      0.02397602 0.0989011 0.1468531 0.1688312
cluster1  0.04395604 0.1198801 0.1938062 0.2057942
cluster2  0.04495504 0.1268731 0.1488511 0.1738262
cluster3  0.00000000 0.1298701 0.1908092 0.0000000
cluster4  0.00000000 0.1318681 0.1638362 0.0000000
cluster5  0.00000000 0.1338661 0.1558442 0.0000000
cluster6  0.88711289 0.1408591 0.0000000 0.2177822
cluster7  0.00000000 0.1178821 0.0000000 0.2337662
cluster8  0.00000000 0.0000000 0.0000000 0.0000000
cluster9  0.00000000 0.0000000 0.0000000 0.0000000
cluster10 0.00000000 0.0000000 0.0000000 0.0000000

real	0m4.080s
user	0m3.826s
sys	0m0.235s
