Loading clone.tools
[1] "plotting score chain"
[1] "plotting most frequent trees"
[1] "plotting posterior adjacency matrix"
[1] "post.admat:"
           cluster1  cluster2    cluster3   cluster4  cluster5   cluster6
root      0.6103896 0.3976024 0.027972028 0.08591409 0.0979021 0.02597403
cluster1  0.0000000 0.6023976 0.419580420 0.11588412 0.1308691 0.38561439
cluster2  0.3896104 0.0000000 0.550449550 0.06593407 0.1088911 0.57342657
cluster3  0.0000000 0.0000000 0.000000000 0.52947053 0.4815185 0.00000000
cluster4  0.0000000 0.0000000 0.001998002 0.00000000 0.1808192 0.00000000
cluster5  0.0000000 0.0000000 0.000000000 0.20279720 0.0000000 0.00000000
cluster6  0.0000000 0.0000000 0.000000000 0.00000000 0.0000000 0.00000000
cluster7  0.0000000 0.0000000 0.000000000 0.00000000 0.0000000 0.01498501
cluster8  0.0000000 0.0000000 0.000000000 0.00000000 0.0000000 0.00000000
cluster9  0.0000000 0.0000000 0.000000000 0.00000000 0.0000000 0.00000000
cluster10 0.0000000 0.0000000 0.000000000 0.00000000 0.0000000 0.00000000
            cluster7  cluster8  cluster9 cluster10
root      0.02497502 0.1508492 0.1428571 0.1948052
cluster1  0.04595405 0.1128871 0.1818182 0.2027972
cluster2  0.05694306 0.1138861 0.1398601 0.1928072
cluster3  0.00000000 0.1248751 0.1818182 0.0000000
cluster4  0.00000000 0.1278721 0.1728272 0.0000000
cluster5  0.00000000 0.1288711 0.1808192 0.0000000
cluster6  0.87212787 0.1238761 0.0000000 0.1958042
cluster7  0.00000000 0.1168831 0.0000000 0.2137862
cluster8  0.00000000 0.0000000 0.0000000 0.0000000
cluster9  0.00000000 0.0000000 0.0000000 0.0000000
cluster10 0.00000000 0.0000000 0.0000000 0.0000000

real	0m3.939s
user	0m3.671s
sys	0m0.248s
