Loading clone.tools
[1] "plotting score chain"
[1] "plotting most frequent trees"
[1] "plotting posterior adjacency matrix"
[1] "post.admat:"
           cluster1  cluster2    cluster3   cluster4   cluster5    cluster6
root      0.7982018 0.2077922 0.027972028 0.07992008 0.08491508 0.018981019
cluster1  0.0000000 0.7922078 0.211788212 0.10389610 0.11988012 0.213786214
cluster2  0.2017982 0.0000000 0.758241758 0.07092907 0.09090909 0.763236763
cluster3  0.0000000 0.0000000 0.000000000 0.55244755 0.50049950 0.000000000
cluster4  0.0000000 0.0000000 0.000999001 0.00000000 0.20379620 0.000000000
cluster5  0.0000000 0.0000000 0.000999001 0.19280719 0.00000000 0.000000000
cluster6  0.0000000 0.0000000 0.000000000 0.00000000 0.00000000 0.000000000
cluster7  0.0000000 0.0000000 0.000000000 0.00000000 0.00000000 0.003996004
cluster8  0.0000000 0.0000000 0.000000000 0.00000000 0.00000000 0.000000000
cluster9  0.0000000 0.0000000 0.000000000 0.00000000 0.00000000 0.000000000
cluster10 0.0000000 0.0000000 0.000000000 0.00000000 0.00000000 0.000000000
            cluster7  cluster8  cluster9 cluster10
root      0.03296703 0.1158841 0.1478521 0.1708292
cluster1  0.03296703 0.1008991 0.1708292 0.1858142
cluster2  0.04395604 0.1238761 0.1688312 0.1828172
cluster3  0.00000000 0.1288711 0.1728272 0.0000000
cluster4  0.00000000 0.1048951 0.1738262 0.0000000
cluster5  0.00000000 0.1238761 0.1658342 0.0000000
cluster6  0.89010989 0.1488511 0.0000000 0.2177822
cluster7  0.00000000 0.1528472 0.0000000 0.2427572
cluster8  0.00000000 0.0000000 0.0000000 0.0000000
cluster9  0.00000000 0.0000000 0.0000000 0.0000000
cluster10 0.00000000 0.0000000 0.0000000 0.0000000

real	0m4.230s
user	0m3.767s
sys	0m0.334s
