Loading clone.tools
[1] "plotting score chain"
[1] "plotting most frequent trees"
[1] "plotting posterior adjacency matrix"
[1] "post.admat:"
           cluster1  cluster2    cluster3   cluster4   cluster5   cluster6
root      0.7152847 0.2947053 0.037962038 0.04895105 0.10489510 0.02697303
cluster1  0.0000000 0.7052947 0.307692308 0.10489510 0.12187812 0.29770230
cluster2  0.2847153 0.0000000 0.653346653 0.07792208 0.09490509 0.66433566
cluster3  0.0000000 0.0000000 0.000000000 0.57742258 0.48851149 0.00000000
cluster4  0.0000000 0.0000000 0.000999001 0.00000000 0.18981019 0.00000000
cluster5  0.0000000 0.0000000 0.000000000 0.19080919 0.00000000 0.00000000
cluster6  0.0000000 0.0000000 0.000000000 0.00000000 0.00000000 0.00000000
cluster7  0.0000000 0.0000000 0.000000000 0.00000000 0.00000000 0.01098901
cluster8  0.0000000 0.0000000 0.000000000 0.00000000 0.00000000 0.00000000
cluster9  0.0000000 0.0000000 0.000000000 0.00000000 0.00000000 0.00000000
cluster10 0.0000000 0.0000000 0.000000000 0.00000000 0.00000000 0.00000000
            cluster7  cluster8  cluster9 cluster10
root      0.03196803 0.1318681 0.1618382 0.1678322
cluster1  0.05194805 0.1058941 0.1618382 0.2157842
cluster2  0.05394605 0.1258741 0.1498501 0.1918082
cluster3  0.00000000 0.1078921 0.1988012 0.0000000
cluster4  0.00000000 0.1208791 0.1558442 0.0000000
cluster5  0.00000000 0.1248751 0.1718282 0.0000000
cluster6  0.86213786 0.1448551 0.0000000 0.2357642
cluster7  0.00000000 0.1378621 0.0000000 0.1888112
cluster8  0.00000000 0.0000000 0.0000000 0.0000000
cluster9  0.00000000 0.0000000 0.0000000 0.0000000
cluster10 0.00000000 0.0000000 0.0000000 0.0000000

real	0m4.031s
user	0m3.748s
sys	0m0.263s
