Loading clone.tools
[1] "plotting score chain"
[1] "plotting most frequent trees"
[1] "plotting posterior adjacency matrix"
[1] "post.admat:"
           cluster1  cluster2    cluster3   cluster4  cluster5   cluster6
root      0.6453546 0.3636364 0.027972028 0.07792208 0.0989011 0.02997003
cluster1  0.0000000 0.6363636 0.367632368 0.10289710 0.1288711 0.35364635
cluster2  0.3546454 0.0000000 0.602397602 0.07492507 0.1088911 0.60539461
cluster3  0.0000000 0.0000000 0.000000000 0.57242757 0.4625375 0.00000000
cluster4  0.0000000 0.0000000 0.000000000 0.00000000 0.2007992 0.00000000
cluster5  0.0000000 0.0000000 0.001998002 0.17182817 0.0000000 0.00000000
cluster6  0.0000000 0.0000000 0.000000000 0.00000000 0.0000000 0.00000000
cluster7  0.0000000 0.0000000 0.000000000 0.00000000 0.0000000 0.01098901
cluster8  0.0000000 0.0000000 0.000000000 0.00000000 0.0000000 0.00000000
cluster9  0.0000000 0.0000000 0.000000000 0.00000000 0.0000000 0.00000000
cluster10 0.0000000 0.0000000 0.000000000 0.00000000 0.0000000 0.00000000
            cluster7  cluster8  cluster9 cluster10
root      0.02597403 0.1238761 0.1498501 0.1938062
cluster1  0.05194805 0.1028971 0.1718282 0.2007992
cluster2  0.05294705 0.1138861 0.1518482 0.1828172
cluster3  0.00000000 0.1108891 0.1618382 0.0000000
cluster4  0.00000000 0.1368631 0.1728272 0.0000000
cluster5  0.00000000 0.1478521 0.1918082 0.0000000
cluster6  0.86913087 0.1308691 0.0000000 0.2067932
cluster7  0.00000000 0.1328671 0.0000000 0.2157842
cluster8  0.00000000 0.0000000 0.0000000 0.0000000
cluster9  0.00000000 0.0000000 0.0000000 0.0000000
cluster10 0.00000000 0.0000000 0.0000000 0.0000000

real	0m4.230s
user	0m3.701s
sys	0m0.276s
