Loading clone.tools
[1] "plotting score chain"
[1] "plotting most frequent trees"
[1] "plotting posterior adjacency matrix"
[1] "post.admat:"
           cluster1  cluster2    cluster3   cluster4  cluster5   cluster6
root      0.6413586 0.3686314 0.030969031 0.07892108 0.0979021 0.02597403
cluster1  0.0000000 0.6313686 0.375624376 0.11688312 0.1178821 0.35664336
cluster2  0.3586414 0.0000000 0.592407592 0.07592408 0.1028971 0.59940060
cluster3  0.0000000 0.0000000 0.000000000 0.57442557 0.4895105 0.00000000
cluster4  0.0000000 0.0000000 0.000999001 0.00000000 0.1918082 0.00000000
cluster5  0.0000000 0.0000000 0.000000000 0.15384615 0.0000000 0.00000000
cluster6  0.0000000 0.0000000 0.000000000 0.00000000 0.0000000 0.00000000
cluster7  0.0000000 0.0000000 0.000000000 0.00000000 0.0000000 0.01798202
cluster8  0.0000000 0.0000000 0.000000000 0.00000000 0.0000000 0.00000000
cluster9  0.0000000 0.0000000 0.000000000 0.00000000 0.0000000 0.00000000
cluster10 0.0000000 0.0000000 0.000000000 0.00000000 0.0000000 0.00000000
            cluster7  cluster8  cluster9 cluster10
root      0.01998002 0.1138861 0.1538462 0.1708292
cluster1  0.04695305 0.1018981 0.1928072 0.2077922
cluster2  0.06293706 0.1248751 0.1318681 0.1948052
cluster3  0.00000000 0.1398601 0.1698302 0.0000000
cluster4  0.00000000 0.1308691 0.1848152 0.0000000
cluster5  0.00000000 0.1208791 0.1668332 0.0000000
cluster6  0.87012987 0.1498501 0.0000000 0.2137862
cluster7  0.00000000 0.1178821 0.0000000 0.2127872
cluster8  0.00000000 0.0000000 0.0000000 0.0000000
cluster9  0.00000000 0.0000000 0.0000000 0.0000000
cluster10 0.00000000 0.0000000 0.0000000 0.0000000

real	0m3.890s
user	0m3.622s
sys	0m0.247s
